WARNING:root:Layers after message passing should be >=1
/cephyr/users/wuxin/Vera/Pinn/graphgps/loader/master_loader.py:49: UserWarning: It is not recommended to directly access the internal storage format `data` of an 'InMemoryDataset'. If you are absolutely certain what you are doing, access the internal storage via `InMemoryDataset._data` instead to suppress this warning. Alternatively, you can access stacked individual attributes of every graph via `dataset.{attr_name}`.
  logging.info(f"  {dataset.data}")
/cephyr/users/wuxin/Vera/Pinn/graphgps/loader/master_loader.py:60: UserWarning: It is not recommended to directly access the internal storage format `data` of an 'InMemoryDataset'. The data of the dataset is already cached, so any modifications to `data` will not be reflected when accessing its elements. Clearing the cache now by removing all elements in `dataset._data_list`. If you are absolutely certain what you are doing, access the internal storage via `InMemoryDataset._data` instead to suppress this warning. Alternatively, you can access stacked individual attributes of every graph via `dataset.{attr_name}`.
  if hasattr(dataset.data, 'num_nodes'):
/cephyr/users/wuxin/Vera/Pinn/graphgps/loader/master_loader.py:61: UserWarning: It is not recommended to directly access the internal storage format `data` of an 'InMemoryDataset'. If you are absolutely certain what you are doing, access the internal storage via `InMemoryDataset._data` instead to suppress this warning. Alternatively, you can access stacked individual attributes of every graph via `dataset.{attr_name}`.
  total_num_nodes = dataset.data.num_nodes
/cephyr/users/wuxin/Vera/Pinn/graphgps/loader/master_loader.py:71: UserWarning: It is not recommended to directly access the internal storage format `data` of an 'InMemoryDataset'. The data of the dataset is already cached, so any modifications to `data` will not be reflected when accessing its elements. Clearing the cache now by removing all elements in `dataset._data_list`. If you are absolutely certain what you are doing, access the internal storage via `InMemoryDataset._data` instead to suppress this warning. Alternatively, you can access stacked individual attributes of every graph via `dataset.{attr_name}`.
  if hasattr(dataset.data, 'y') and dataset.data.y is not None:
/cephyr/users/wuxin/Vera/Pinn/graphgps/loader/master_loader.py:71: UserWarning: It is not recommended to directly access the internal storage format `data` of an 'InMemoryDataset'. If you are absolutely certain what you are doing, access the internal storage via `InMemoryDataset._data` instead to suppress this warning. Alternatively, you can access stacked individual attributes of every graph via `dataset.{attr_name}`.
  if hasattr(dataset.data, 'y') and dataset.data.y is not None:
/cephyr/users/wuxin/Vera/Pinn/graphgps/loader/master_loader.py:72: UserWarning: It is not recommended to directly access the internal storage format `data` of an 'InMemoryDataset'. If you are absolutely certain what you are doing, access the internal storage via `InMemoryDataset._data` instead to suppress this warning. Alternatively, you can access stacked individual attributes of every graph via `dataset.{attr_name}`.
  if isinstance(dataset.data.y, list):
/cephyr/users/wuxin/Vera/Pinn/graphgps/loader/master_loader.py:75: UserWarning: It is not recommended to directly access the internal storage format `data` of an 'InMemoryDataset'. If you are absolutely certain what you are doing, access the internal storage via `InMemoryDataset._data` instead to suppress this warning. Alternatively, you can access stacked individual attributes of every graph via `dataset.{attr_name}`.
  elif dataset.data.y.numel() == dataset.data.y.size(0) and \
/cephyr/users/wuxin/Vera/Pinn/graphgps/loader/master_loader.py:76: UserWarning: It is not recommended to directly access the internal storage format `data` of an 'InMemoryDataset'. If you are absolutely certain what you are doing, access the internal storage via `InMemoryDataset._data` instead to suppress this warning. Alternatively, you can access stacked individual attributes of every graph via `dataset.{attr_name}`.
  torch.is_floating_point(dataset.data.y):
/cephyr/users/wuxin/Vera/Pinn/venv/lib/python3.11/site-packages/torch_geometric/graphgym/loader.py:97: UserWarning: It is not recommended to directly access the internal storage format `data` of an 'InMemoryDataset'. If you are absolutely certain what you are doing, access the internal storage via `InMemoryDataset._data` instead to suppress this warning. Alternatively, you can access stacked individual attributes of every graph via `dataset.{attr_name}`.
  dataset.data[name] = value
/cephyr/users/wuxin/Vera/Pinn/graphgps/loader/split_generator.py:72: UserWarning: It is not recommended to directly access the internal storage format `data` of an 'InMemoryDataset'. If you are absolutely certain what you are doing, access the internal storage via `InMemoryDataset._data` instead to suppress this warning. Alternatively, you can access stacked individual attributes of every graph via `dataset.{attr_name}`.
  if not hasattr(dataset.data, split_name):
/cephyr/users/wuxin/Vera/Pinn/venv/lib/python3.11/site-packages/torch_geometric/graphgym/loader.py:314: UserWarning: It is not recommended to directly access the internal storage format `data` of an 'InMemoryDataset'. If you are absolutely certain what you are doing, access the internal storage via `InMemoryDataset._data` instead to suppress this warning. Alternatively, you can access stacked individual attributes of every graph via `dataset.{attr_name}`.
  id = dataset.data['train_graph_index']
/cephyr/users/wuxin/Vera/Pinn/venv/lib/python3.11/site-packages/torch_geometric/graphgym/loader.py:319: UserWarning: It is not recommended to directly access the internal storage format `data` of an 'InMemoryDataset'. If you are absolutely certain what you are doing, access the internal storage via `InMemoryDataset._data` instead to suppress this warning. Alternatively, you can access stacked individual attributes of every graph via `dataset.{attr_name}`.
  delattr(dataset.data, 'train_graph_index')
/cephyr/users/wuxin/Vera/Pinn/venv/lib/python3.11/site-packages/torch_geometric/graphgym/loader.py:330: UserWarning: It is not recommended to directly access the internal storage format `data` of an 'InMemoryDataset'. If you are absolutely certain what you are doing, access the internal storage via `InMemoryDataset._data` instead to suppress this warning. Alternatively, you can access stacked individual attributes of every graph via `dataset.{attr_name}`.
  id = dataset.data[split_names[i]]
/cephyr/users/wuxin/Vera/Pinn/venv/lib/python3.11/site-packages/torch_geometric/graphgym/loader.py:334: UserWarning: It is not recommended to directly access the internal storage format `data` of an 'InMemoryDataset'. If you are absolutely certain what you are doing, access the internal storage via `InMemoryDataset._data` instead to suppress this warning. Alternatively, you can access stacked individual attributes of every graph via `dataset.{attr_name}`.
  delattr(dataset.data, split_names[i])
